<?xml version="1.0" encoding="UTF-8"?>
<!-- Generated by org.testng.reporters.JUnitXMLReporter -->
<testsuite ignored="0" hostname="DESKTOP-349155E" failures="0" tests="21" name="Command line test" time="1.763" errors="0" timestamp="27 Apr 2020 03:33:03 GMT">
  <testcase classname="io.cucumber.testng.AbstractTestNGCucumberTests" name="runScenario" time="0.269"/>
  <testcase classname="io.cucumber.testng.AbstractTestNGCucumberTests" name="runScenario" time="0.01"/>
  <testcase classname="io.cucumber.testng.AbstractTestNGCucumberTests" name="runScenario" time="0.011"/>
  <testcase classname="io.cucumber.testng.AbstractTestNGCucumberTests" name="runScenario" time="0.011"/>
  <testcase classname="io.cucumber.testng.AbstractTestNGCucumberTests" name="runScenario" time="0.011"/>
  <testcase classname="io.cucumber.testng.AbstractTestNGCucumberTests" name="runScenario" time="0.011"/>
  <testcase classname="io.cucumber.testng.AbstractTestNGCucumberTests" name="runScenario" time="0.011"/>
  <testcase classname="com.cucumberBaby.runners.RunCucumberByCompositionTest" name="scenario" time="0.049"/>
  <testcase classname="com.cucumberBaby.runners.RunCucumberByCompositionTest" name="scenario" time="0.062"/>
  <testcase classname="com.cucumberBaby.runners.RunCucumberByCompositionTest" name="scenario" time="0.04"/>
  <testcase classname="com.cucumberBaby.runners.RunCucumberByCompositionTest" name="scenario" time="0.039"/>
  <testcase classname="com.cucumberBaby.runners.RunCucumberByCompositionTest" name="scenario" time="0.034"/>
  <testcase classname="com.cucumberBaby.runners.RunCucumberByCompositionTest" name="scenario" time="0.005"/>
  <testcase classname="com.cucumberBaby.runners.RunCucumberByCompositionTest" name="scenario" time="0.004"/>
  <testcase classname="io.cucumber.testng.AbstractTestNGCucumberTests" name="runScenario" time="0.068"/>
  <testcase classname="io.cucumber.testng.AbstractTestNGCucumberTests" name="runScenario" time="0.023"/>
  <testcase classname="io.cucumber.testng.AbstractTestNGCucumberTests" name="runScenario" time="0.016"/>
  <testcase classname="io.cucumber.testng.AbstractTestNGCucumberTests" name="runScenario" time="0.032"/>
  <testcase classname="io.cucumber.testng.AbstractTestNGCucumberTests" name="runScenario" time="0.031"/>
  <testcase classname="io.cucumber.testng.AbstractTestNGCucumberTests" name="runScenario" time="0.025"/>
  <testcase classname="io.cucumber.testng.AbstractTestNGCucumberTests" name="runScenario" time="0.023"/>
</testsuite> <!-- Command line test -->
