<?xml version="1.0" encoding="UTF-8"?>
<testng-results ignored="0" total="21" passed="21" failed="0" skipped="0">
  <reporter-output>
  </reporter-output>
  <suite started-at="2020-04-27T03:33:01Z" name="Command line suite" finished-at="2020-04-27T03:33:02Z" duration-ms="1763">
    <groups>
      <group name="cucumber">
        <method signature="AbstractTestNGCucumberTests.runScenario(io.cucumber.testng.PickleWrapper, io.cucumber.testng.FeatureWrapper)[pri:0, instance:com.cucumberBaby.runners.TestRunner$testNGRunner@1b1473ab]" name="runScenario" class="io.cucumber.testng.AbstractTestNGCucumberTests"/>
        <method signature="AbstractTestNGCucumberTests.runScenario(io.cucumber.testng.PickleWrapper, io.cucumber.testng.FeatureWrapper)[pri:0, instance:com.cucumberBaby.runners.TestRunner@149e0f5d]" name="runScenario" class="io.cucumber.testng.AbstractTestNGCucumberTests"/>
        <method signature="RunCucumberByCompositionTest.scenario(io.cucumber.testng.PickleWrapper, io.cucumber.testng.FeatureWrapper)[pri:0, instance:com.cucumberBaby.runners.RunCucumberByCompositionTest@3aefe5e5]" name="scenario" class="com.cucumberBaby.runners.RunCucumberByCompositionTest"/>
      </group> <!-- cucumber -->
    </groups>
    <test started-at="2020-04-27T03:33:01Z" name="Command line test" finished-at="2020-04-27T03:33:02Z" duration-ms="1763">
      <class name="com.cucumberBaby.runners.TestRunner$testNGRunner">
        <test-method is-config="true" signature="setUpClass()[pri:0, instance:com.cucumberBaby.runners.TestRunner$testNGRunner@1b1473ab]" started-at="2020-04-27T03:33:01Z" name="setUpClass" finished-at="2020-04-27T03:33:01Z" duration-ms="706" status="PASS">
          <reporter-output>
          </reporter-output>
        </test-method> <!-- setUpClass -->
        <test-method is-config="true" signature="setupTest()[pri:0, instance:com.cucumberBaby.runners.TestRunner$testNGRunner@1b1473ab]" started-at="2020-04-27T03:33:01Z" name="setupTest" finished-at="2020-04-27T03:33:01Z" duration-ms="1" status="PASS">
          <reporter-output>
          </reporter-output>
        </test-method> <!-- setupTest -->
        <test-method signature="runScenario(io.cucumber.testng.PickleWrapper, io.cucumber.testng.FeatureWrapper)[pri:0, instance:com.cucumberBaby.runners.TestRunner$testNGRunner@1b1473ab]" started-at="2020-04-27T03:33:01Z" name="runScenario" description="Runs Cucumber Scenarios" data-provider="scenarios" finished-at="2020-04-27T03:33:02Z" duration-ms="269" status="PASS">
          <params>
            <param index="0">
              <value>
                <![CDATA["User enters creds"]]>
              </value>
            </param>
            <param index="1">
              <value>
                <![CDATA["Login Page"]]>
              </value>
            </param>
          </params>
          <reporter-output>
          </reporter-output>
        </test-method> <!-- runScenario -->
        <test-method signature="runScenario(io.cucumber.testng.PickleWrapper, io.cucumber.testng.FeatureWrapper)[pri:0, instance:com.cucumberBaby.runners.TestRunner$testNGRunner@1b1473ab]" started-at="2020-04-27T03:33:02Z" name="runScenario" description="Runs Cucumber Scenarios" data-provider="scenarios" finished-at="2020-04-27T03:33:02Z" duration-ms="10" status="PASS">
          <params>
            <param index="0">
              <value>
                <![CDATA["User enters creds"]]>
              </value>
            </param>
            <param index="1">
              <value>
                <![CDATA["Login Page"]]>
              </value>
            </param>
          </params>
          <reporter-output>
          </reporter-output>
        </test-method> <!-- runScenario -->
        <test-method signature="runScenario(io.cucumber.testng.PickleWrapper, io.cucumber.testng.FeatureWrapper)[pri:0, instance:com.cucumberBaby.runners.TestRunner$testNGRunner@1b1473ab]" started-at="2020-04-27T03:33:02Z" name="runScenario" description="Runs Cucumber Scenarios" data-provider="scenarios" finished-at="2020-04-27T03:33:02Z" duration-ms="11" status="PASS">
          <params>
            <param index="0">
              <value>
                <![CDATA["User enters creds"]]>
              </value>
            </param>
            <param index="1">
              <value>
                <![CDATA["Login Page"]]>
              </value>
            </param>
          </params>
          <reporter-output>
          </reporter-output>
        </test-method> <!-- runScenario -->
        <test-method signature="runScenario(io.cucumber.testng.PickleWrapper, io.cucumber.testng.FeatureWrapper)[pri:0, instance:com.cucumberBaby.runners.TestRunner$testNGRunner@1b1473ab]" started-at="2020-04-27T03:33:02Z" name="runScenario" description="Runs Cucumber Scenarios" data-provider="scenarios" finished-at="2020-04-27T03:33:02Z" duration-ms="11" status="PASS">
          <params>
            <param index="0">
              <value>
                <![CDATA["User enters creds"]]>
              </value>
            </param>
            <param index="1">
              <value>
                <![CDATA["Login Page"]]>
              </value>
            </param>
          </params>
          <reporter-output>
          </reporter-output>
        </test-method> <!-- runScenario -->
        <test-method signature="runScenario(io.cucumber.testng.PickleWrapper, io.cucumber.testng.FeatureWrapper)[pri:0, instance:com.cucumberBaby.runners.TestRunner$testNGRunner@1b1473ab]" started-at="2020-04-27T03:33:02Z" name="runScenario" description="Runs Cucumber Scenarios" data-provider="scenarios" finished-at="2020-04-27T03:33:02Z" duration-ms="11" status="PASS">
          <params>
            <param index="0">
              <value>
                <![CDATA["User enters creds"]]>
              </value>
            </param>
            <param index="1">
              <value>
                <![CDATA["Login Page"]]>
              </value>
            </param>
          </params>
          <reporter-output>
          </reporter-output>
        </test-method> <!-- runScenario -->
        <test-method signature="runScenario(io.cucumber.testng.PickleWrapper, io.cucumber.testng.FeatureWrapper)[pri:0, instance:com.cucumberBaby.runners.TestRunner$testNGRunner@1b1473ab]" started-at="2020-04-27T03:33:02Z" name="runScenario" description="Runs Cucumber Scenarios" data-provider="scenarios" finished-at="2020-04-27T03:33:02Z" duration-ms="11" status="PASS">
          <params>
            <param index="0">
              <value>
                <![CDATA["User logs out"]]>
              </value>
            </param>
            <param index="1">
              <value>
                <![CDATA["Loggin out Page"]]>
              </value>
            </param>
          </params>
          <reporter-output>
          </reporter-output>
        </test-method> <!-- runScenario -->
        <test-method signature="runScenario(io.cucumber.testng.PickleWrapper, io.cucumber.testng.FeatureWrapper)[pri:0, instance:com.cucumberBaby.runners.TestRunner$testNGRunner@1b1473ab]" started-at="2020-04-27T03:33:02Z" name="runScenario" description="Runs Cucumber Scenarios" data-provider="scenarios" finished-at="2020-04-27T03:33:02Z" duration-ms="11" status="PASS">
          <params>
            <param index="0">
              <value>
                <![CDATA["User logs out with crash"]]>
              </value>
            </param>
            <param index="1">
              <value>
                <![CDATA["Loggin out Page"]]>
              </value>
            </param>
          </params>
          <reporter-output>
          </reporter-output>
        </test-method> <!-- runScenario -->
        <test-method is-config="true" signature="endTest()[pri:0, instance:com.cucumberBaby.runners.TestRunner$testNGRunner@1b1473ab]" started-at="2020-04-27T03:33:02Z" name="endTest" finished-at="2020-04-27T03:33:02Z" duration-ms="0" status="PASS">
          <reporter-output>
          </reporter-output>
        </test-method> <!-- endTest -->
        <test-method is-config="true" signature="tearDownClass()[pri:0, instance:com.cucumberBaby.runners.TestRunner$testNGRunner@1b1473ab]" started-at="2020-04-27T03:33:02Z" name="tearDownClass" finished-at="2020-04-27T03:33:02Z" duration-ms="11" status="PASS">
          <reporter-output>
          </reporter-output>
        </test-method> <!-- tearDownClass -->
      </class> <!-- com.cucumberBaby.runners.TestRunner$testNGRunner -->
      <class name="com.cucumberBaby.runners.RunCucumberByCompositionTest">
        <test-method is-config="true" signature="beforeClass()[pri:0, instance:com.cucumberBaby.runners.RunCucumberByCompositionTest@3aefe5e5]" started-at="2020-04-27T03:33:02Z" name="beforeClass" finished-at="2020-04-27T03:33:02Z" duration-ms="1" status="PASS">
          <reporter-output>
          </reporter-output>
        </test-method> <!-- beforeClass -->
        <test-method is-config="true" signature="setUpClass()[pri:0, instance:com.cucumberBaby.runners.RunCucumberByCompositionTest@3aefe5e5]" started-at="2020-04-27T03:33:02Z" name="setUpClass" finished-at="2020-04-27T03:33:02Z" duration-ms="43" status="PASS">
          <reporter-output>
          </reporter-output>
        </test-method> <!-- setUpClass -->
        <test-method is-config="true" signature="beforeMethod()[pri:0, instance:com.cucumberBaby.runners.RunCucumberByCompositionTest@3aefe5e5]" started-at="2020-04-27T03:33:02Z" name="beforeMethod" finished-at="2020-04-27T03:33:02Z" duration-ms="1" status="PASS">
          <reporter-output>
          </reporter-output>
        </test-method> <!-- beforeMethod -->
        <test-method signature="scenario(io.cucumber.testng.PickleWrapper, io.cucumber.testng.FeatureWrapper)[pri:0, instance:com.cucumberBaby.runners.RunCucumberByCompositionTest@3aefe5e5]" started-at="2020-04-27T03:33:02Z" name="scenario" description="Runs Cucumber Scenarios" data-provider="scenarios" finished-at="2020-04-27T03:33:02Z" duration-ms="49" status="PASS">
          <params>
            <param index="0">
              <value>
                <![CDATA["User enters creds"]]>
              </value>
            </param>
            <param index="1">
              <value>
                <![CDATA["Login Page"]]>
              </value>
            </param>
          </params>
          <reporter-output>
          </reporter-output>
        </test-method> <!-- scenario -->
        <test-method is-config="true" signature="beforeMethod()[pri:0, instance:com.cucumberBaby.runners.RunCucumberByCompositionTest@3aefe5e5]" started-at="2020-04-27T03:33:02Z" name="beforeMethod" finished-at="2020-04-27T03:33:02Z" duration-ms="4" status="PASS">
          <reporter-output>
          </reporter-output>
        </test-method> <!-- beforeMethod -->
        <test-method signature="scenario(io.cucumber.testng.PickleWrapper, io.cucumber.testng.FeatureWrapper)[pri:0, instance:com.cucumberBaby.runners.RunCucumberByCompositionTest@3aefe5e5]" started-at="2020-04-27T03:33:02Z" name="scenario" description="Runs Cucumber Scenarios" data-provider="scenarios" finished-at="2020-04-27T03:33:02Z" duration-ms="62" status="PASS">
          <params>
            <param index="0">
              <value>
                <![CDATA["User enters creds"]]>
              </value>
            </param>
            <param index="1">
              <value>
                <![CDATA["Login Page"]]>
              </value>
            </param>
          </params>
          <reporter-output>
          </reporter-output>
        </test-method> <!-- scenario -->
        <test-method is-config="true" signature="beforeMethod()[pri:0, instance:com.cucumberBaby.runners.RunCucumberByCompositionTest@3aefe5e5]" started-at="2020-04-27T03:33:02Z" name="beforeMethod" finished-at="2020-04-27T03:33:02Z" duration-ms="4" status="PASS">
          <reporter-output>
          </reporter-output>
        </test-method> <!-- beforeMethod -->
        <test-method signature="scenario(io.cucumber.testng.PickleWrapper, io.cucumber.testng.FeatureWrapper)[pri:0, instance:com.cucumberBaby.runners.RunCucumberByCompositionTest@3aefe5e5]" started-at="2020-04-27T03:33:02Z" name="scenario" description="Runs Cucumber Scenarios" data-provider="scenarios" finished-at="2020-04-27T03:33:02Z" duration-ms="40" status="PASS">
          <params>
            <param index="0">
              <value>
                <![CDATA["User enters creds"]]>
              </value>
            </param>
            <param index="1">
              <value>
                <![CDATA["Login Page"]]>
              </value>
            </param>
          </params>
          <reporter-output>
          </reporter-output>
        </test-method> <!-- scenario -->
        <test-method is-config="true" signature="beforeMethod()[pri:0, instance:com.cucumberBaby.runners.RunCucumberByCompositionTest@3aefe5e5]" started-at="2020-04-27T03:33:02Z" name="beforeMethod" finished-at="2020-04-27T03:33:02Z" duration-ms="1" status="PASS">
          <reporter-output>
          </reporter-output>
        </test-method> <!-- beforeMethod -->
        <test-method signature="scenario(io.cucumber.testng.PickleWrapper, io.cucumber.testng.FeatureWrapper)[pri:0, instance:com.cucumberBaby.runners.RunCucumberByCompositionTest@3aefe5e5]" started-at="2020-04-27T03:33:02Z" name="scenario" description="Runs Cucumber Scenarios" data-provider="scenarios" finished-at="2020-04-27T03:33:02Z" duration-ms="39" status="PASS">
          <params>
            <param index="0">
              <value>
                <![CDATA["User enters creds"]]>
              </value>
            </param>
            <param index="1">
              <value>
                <![CDATA["Login Page"]]>
              </value>
            </param>
          </params>
          <reporter-output>
          </reporter-output>
        </test-method> <!-- scenario -->
        <test-method is-config="true" signature="beforeMethod()[pri:0, instance:com.cucumberBaby.runners.RunCucumberByCompositionTest@3aefe5e5]" started-at="2020-04-27T03:33:02Z" name="beforeMethod" finished-at="2020-04-27T03:33:02Z" duration-ms="1" status="PASS">
          <reporter-output>
          </reporter-output>
        </test-method> <!-- beforeMethod -->
        <test-method signature="scenario(io.cucumber.testng.PickleWrapper, io.cucumber.testng.FeatureWrapper)[pri:0, instance:com.cucumberBaby.runners.RunCucumberByCompositionTest@3aefe5e5]" started-at="2020-04-27T03:33:02Z" name="scenario" description="Runs Cucumber Scenarios" data-provider="scenarios" finished-at="2020-04-27T03:33:02Z" duration-ms="34" status="PASS">
          <params>
            <param index="0">
              <value>
                <![CDATA["User enters creds"]]>
              </value>
            </param>
            <param index="1">
              <value>
                <![CDATA["Login Page"]]>
              </value>
            </param>
          </params>
          <reporter-output>
          </reporter-output>
        </test-method> <!-- scenario -->
        <test-method is-config="true" signature="beforeMethod()[pri:0, instance:com.cucumberBaby.runners.RunCucumberByCompositionTest@3aefe5e5]" started-at="2020-04-27T03:33:02Z" name="beforeMethod" finished-at="2020-04-27T03:33:02Z" duration-ms="1" status="PASS">
          <reporter-output>
          </reporter-output>
        </test-method> <!-- beforeMethod -->
        <test-method signature="scenario(io.cucumber.testng.PickleWrapper, io.cucumber.testng.FeatureWrapper)[pri:0, instance:com.cucumberBaby.runners.RunCucumberByCompositionTest@3aefe5e5]" started-at="2020-04-27T03:33:02Z" name="scenario" description="Runs Cucumber Scenarios" data-provider="scenarios" finished-at="2020-04-27T03:33:02Z" duration-ms="5" status="PASS">
          <params>
            <param index="0">
              <value>
                <![CDATA["User logs out"]]>
              </value>
            </param>
            <param index="1">
              <value>
                <![CDATA["Loggin out Page"]]>
              </value>
            </param>
          </params>
          <reporter-output>
          </reporter-output>
        </test-method> <!-- scenario -->
        <test-method is-config="true" signature="beforeMethod()[pri:0, instance:com.cucumberBaby.runners.RunCucumberByCompositionTest@3aefe5e5]" started-at="2020-04-27T03:33:02Z" name="beforeMethod" finished-at="2020-04-27T03:33:02Z" duration-ms="2" status="PASS">
          <reporter-output>
          </reporter-output>
        </test-method> <!-- beforeMethod -->
        <test-method signature="scenario(io.cucumber.testng.PickleWrapper, io.cucumber.testng.FeatureWrapper)[pri:0, instance:com.cucumberBaby.runners.RunCucumberByCompositionTest@3aefe5e5]" started-at="2020-04-27T03:33:02Z" name="scenario" description="Runs Cucumber Scenarios" data-provider="scenarios" finished-at="2020-04-27T03:33:02Z" duration-ms="4" status="PASS">
          <params>
            <param index="0">
              <value>
                <![CDATA["User logs out with crash"]]>
              </value>
            </param>
            <param index="1">
              <value>
                <![CDATA["Loggin out Page"]]>
              </value>
            </param>
          </params>
          <reporter-output>
          </reporter-output>
        </test-method> <!-- scenario -->
        <test-method is-config="true" signature="tearDownClass()[pri:0, instance:com.cucumberBaby.runners.RunCucumberByCompositionTest@3aefe5e5]" started-at="2020-04-27T03:33:02Z" name="tearDownClass" finished-at="2020-04-27T03:33:02Z" duration-ms="7" status="PASS">
          <reporter-output>
          </reporter-output>
        </test-method> <!-- tearDownClass -->
      </class> <!-- com.cucumberBaby.runners.RunCucumberByCompositionTest -->
      <class name="com.cucumberBaby.runners.TestRunner">
        <test-method is-config="true" signature="setUpClass()[pri:0, instance:com.cucumberBaby.runners.TestRunner@149e0f5d]" started-at="2020-04-27T03:33:02Z" name="setUpClass" finished-at="2020-04-27T03:33:02Z" duration-ms="64" status="PASS">
          <reporter-output>
          </reporter-output>
        </test-method> <!-- setUpClass -->
        <test-method signature="runScenario(io.cucumber.testng.PickleWrapper, io.cucumber.testng.FeatureWrapper)[pri:0, instance:com.cucumberBaby.runners.TestRunner@149e0f5d]" started-at="2020-04-27T03:33:02Z" name="runScenario" description="Runs Cucumber Scenarios" data-provider="scenarios" finished-at="2020-04-27T03:33:02Z" duration-ms="68" status="PASS">
          <params>
            <param index="0">
              <value>
                <![CDATA["User enters creds"]]>
              </value>
            </param>
            <param index="1">
              <value>
                <![CDATA["Login Page"]]>
              </value>
            </param>
          </params>
          <reporter-output>
          </reporter-output>
        </test-method> <!-- runScenario -->
        <test-method signature="runScenario(io.cucumber.testng.PickleWrapper, io.cucumber.testng.FeatureWrapper)[pri:0, instance:com.cucumberBaby.runners.TestRunner@149e0f5d]" started-at="2020-04-27T03:33:02Z" name="runScenario" description="Runs Cucumber Scenarios" data-provider="scenarios" finished-at="2020-04-27T03:33:02Z" duration-ms="23" status="PASS">
          <params>
            <param index="0">
              <value>
                <![CDATA["User enters creds"]]>
              </value>
            </param>
            <param index="1">
              <value>
                <![CDATA["Login Page"]]>
              </value>
            </param>
          </params>
          <reporter-output>
          </reporter-output>
        </test-method> <!-- runScenario -->
        <test-method signature="runScenario(io.cucumber.testng.PickleWrapper, io.cucumber.testng.FeatureWrapper)[pri:0, instance:com.cucumberBaby.runners.TestRunner@149e0f5d]" started-at="2020-04-27T03:33:02Z" name="runScenario" description="Runs Cucumber Scenarios" data-provider="scenarios" finished-at="2020-04-27T03:33:02Z" duration-ms="16" status="PASS">
          <params>
            <param index="0">
              <value>
                <![CDATA["User enters creds"]]>
              </value>
            </param>
            <param index="1">
              <value>
                <![CDATA["Login Page"]]>
              </value>
            </param>
          </params>
          <reporter-output>
          </reporter-output>
        </test-method> <!-- runScenario -->
        <test-method signature="runScenario(io.cucumber.testng.PickleWrapper, io.cucumber.testng.FeatureWrapper)[pri:0, instance:com.cucumberBaby.runners.TestRunner@149e0f5d]" started-at="2020-04-27T03:33:02Z" name="runScenario" description="Runs Cucumber Scenarios" data-provider="scenarios" finished-at="2020-04-27T03:33:02Z" duration-ms="32" status="PASS">
          <params>
            <param index="0">
              <value>
                <![CDATA["User enters creds"]]>
              </value>
            </param>
            <param index="1">
              <value>
                <![CDATA["Login Page"]]>
              </value>
            </param>
          </params>
          <reporter-output>
          </reporter-output>
        </test-method> <!-- runScenario -->
        <test-method signature="runScenario(io.cucumber.testng.PickleWrapper, io.cucumber.testng.FeatureWrapper)[pri:0, instance:com.cucumberBaby.runners.TestRunner@149e0f5d]" started-at="2020-04-27T03:33:02Z" name="runScenario" description="Runs Cucumber Scenarios" data-provider="scenarios" finished-at="2020-04-27T03:33:02Z" duration-ms="31" status="PASS">
          <params>
            <param index="0">
              <value>
                <![CDATA["User enters creds"]]>
              </value>
            </param>
            <param index="1">
              <value>
                <![CDATA["Login Page"]]>
              </value>
            </param>
          </params>
          <reporter-output>
          </reporter-output>
        </test-method> <!-- runScenario -->
        <test-method signature="runScenario(io.cucumber.testng.PickleWrapper, io.cucumber.testng.FeatureWrapper)[pri:0, instance:com.cucumberBaby.runners.TestRunner@149e0f5d]" started-at="2020-04-27T03:33:02Z" name="runScenario" description="Runs Cucumber Scenarios" data-provider="scenarios" finished-at="2020-04-27T03:33:02Z" duration-ms="25" status="PASS">
          <params>
            <param index="0">
              <value>
                <![CDATA["User logs out"]]>
              </value>
            </param>
            <param index="1">
              <value>
                <![CDATA["Loggin out Page"]]>
              </value>
            </param>
          </params>
          <reporter-output>
          </reporter-output>
        </test-method> <!-- runScenario -->
        <test-method signature="runScenario(io.cucumber.testng.PickleWrapper, io.cucumber.testng.FeatureWrapper)[pri:0, instance:com.cucumberBaby.runners.TestRunner@149e0f5d]" started-at="2020-04-27T03:33:02Z" name="runScenario" description="Runs Cucumber Scenarios" data-provider="scenarios" finished-at="2020-04-27T03:33:02Z" duration-ms="23" status="PASS">
          <params>
            <param index="0">
              <value>
                <![CDATA["User logs out with crash"]]>
              </value>
            </param>
            <param index="1">
              <value>
                <![CDATA["Loggin out Page"]]>
              </value>
            </param>
          </params>
          <reporter-output>
          </reporter-output>
        </test-method> <!-- runScenario -->
        <test-method is-config="true" signature="tearDownClass()[pri:0, instance:com.cucumberBaby.runners.TestRunner@149e0f5d]" started-at="2020-04-27T03:33:02Z" name="tearDownClass" finished-at="2020-04-27T03:33:02Z" duration-ms="9" status="PASS">
          <reporter-output>
          </reporter-output>
        </test-method> <!-- tearDownClass -->
      </class> <!-- com.cucumberBaby.runners.TestRunner -->
    </test> <!-- Command line test -->
  </suite> <!-- Command line suite -->
</testng-results>
