<?xml version="1.0" encoding="UTF-8" ?>
<testsuite tests="21" failures="0" name="TestSuite" time="0.795" errors="0" skipped="0">
  <properties>
[...]
</properties>
  <testcase classname="com.cucumberBaby.runners.TestRunner$testNGRunner" name="runScenario" time="0.273"/>
  <testcase classname="com.cucumberBaby.runners.TestRunner$testNGRunner" name="runScenario" time="0.006"/>
  <testcase classname="com.cucumberBaby.runners.TestRunner$testNGRunner" name="runScenario" time="0.01"/>
  <testcase classname="com.cucumberBaby.runners.TestRunner$testNGRunner" name="runScenario" time="0.011"/>
  <testcase classname="com.cucumberBaby.runners.TestRunner$testNGRunner" name="runScenario" time="0.012"/>
  <testcase classname="com.cucumberBaby.runners.TestRunner$testNGRunner" name="runScenario" time="0.012"/>
  <testcase classname="com.cucumberBaby.runners.TestRunner$testNGRunner" name="runScenario" time="0.011"/>
  <testcase classname="com.cucumberBaby.runners.RunCucumberByCompositionTest" name="scenario" time="0.049"/>
  <testcase classname="com.cucumberBaby.runners.RunCucumberByCompositionTest" name="scenario" time="0.063"/>
  <testcase classname="com.cucumberBaby.runners.RunCucumberByCompositionTest" name="scenario" time="0.038"/>
  <testcase classname="com.cucumberBaby.runners.RunCucumberByCompositionTest" name="scenario" time="0.038"/>
  <testcase classname="com.cucumberBaby.runners.RunCucumberByCompositionTest" name="scenario" time="0.034"/>
  <testcase classname="com.cucumberBaby.runners.RunCucumberByCompositionTest" name="scenario" time="0.005"/>
  <testcase classname="com.cucumberBaby.runners.RunCucumberByCompositionTest" name="scenario" time="0.003"/>
  <testcase classname="com.cucumberBaby.runners.TestRunner" name="runScenario" time="0.069"/>
  <testcase classname="com.cucumberBaby.runners.TestRunner" name="runScenario" time="0.023"/>
  <testcase classname="com.cucumberBaby.runners.TestRunner" name="runScenario" time="0.033"/>
  <testcase classname="com.cucumberBaby.runners.TestRunner" name="runScenario" time="0.015"/>
  <testcase classname="com.cucumberBaby.runners.TestRunner" name="runScenario" time="0.035"/>
  <testcase classname="com.cucumberBaby.runners.TestRunner" name="runScenario" time="0.025"/>
  <testcase classname="com.cucumberBaby.runners.TestRunner" name="runScenario" time="0.03"/>
</testsuite>